2019-01-22T11:09:03+00:00 CRITICAL Uncaught Error: Class 'Nav_Walker_Mobile' not found in /app/public/wp-content/themes/sceleton/header.php:45
Stack trace:
#0 /app/public/wp-includes/template.php(688): require_once()
#1 /app/public/wp-includes/template.php(647): load_template('/app/public/wp-...', true)
#2 /app/public/wp-includes/general-template.php(41): locate_template(Array, true)
#3 /app/public/wp-content/plugins/woocommerce/templates/archive-product.php(20): get_header('shop')
#4 /app/public/wp-content/plugins/woocommerce/includes/wc-core-functions.php(208): include('/app/public/wp-...')
#5 /app/public/wp-content/plugins/woocommerce/templates/taxonomy-product_cat.php(22): wc_get_template('archive-product...')
#6 /app/public/wp-includes/template-loader.php(74): include('/app/public/wp-...')
#7 /app/public/wp-blog-header.php(19): require_once('/app/public/wp-...')
#8 /app/public/index.php(17): require('/app/public/wp-...')
#9 {main}
  thrown i /app/public/wp-content/themes/sceleton/header.php p책 rad 45

2019-01-22T11:09:08+00:00 CRITICAL Uncaught Error: Class 'Nav_Walker_Mobile' not found in /app/public/wp-content/themes/sceleton/header.php:45
Stack trace:
#0 /app/public/wp-includes/template.php(688): require_once()
#1 /app/public/wp-includes/template.php(647): load_template('/app/public/wp-...', true)
#2 /app/public/wp-includes/general-template.php(41): locate_template(Array, true)
#3 /app/public/wp-content/plugins/woocommerce/templates/archive-product.php(20): get_header('shop')
#4 /app/public/wp-content/plugins/woocommerce/includes/wc-core-functions.php(208): include('/app/public/wp-...')
#5 /app/public/wp-content/plugins/woocommerce/templates/taxonomy-product_cat.php(22): wc_get_template('archive-product...')
#6 /app/public/wp-includes/template-loader.php(74): include('/app/public/wp-...')
#7 /app/public/wp-blog-header.php(19): require_once('/app/public/wp-...')
#8 /app/public/index.php(17): require('/app/public/wp-...')
#9 {main}
  thrown i /app/public/wp-content/themes/sceleton/header.php p책 rad 45

2019-01-22T11:09:31+00:00 CRITICAL Uncaught Error: Class 'Nav_Walker_Mobile' not found in /app/public/wp-content/themes/sceleton/header.php:45
Stack trace:
#0 /app/public/wp-includes/template.php(688): require_once()
#1 /app/public/wp-includes/template.php(647): load_template('/app/public/wp-...', true)
#2 /app/public/wp-includes/general-template.php(41): locate_template(Array, true)
#3 /app/public/wp-content/plugins/woocommerce/templates/archive-product.php(20): get_header('shop')
#4 /app/public/wp-content/plugins/woocommerce/includes/wc-core-functions.php(208): include('/app/public/wp-...')
#5 /app/public/wp-content/plugins/woocommerce/templates/taxonomy-product_cat.php(22): wc_get_template('archive-product...')
#6 /app/public/wp-includes/template-loader.php(74): include('/app/public/wp-...')
#7 /app/public/wp-blog-header.php(19): require_once('/app/public/wp-...')
#8 /app/public/index.php(17): require('/app/public/wp-...')
#9 {main}
  thrown i /app/public/wp-content/themes/sceleton/header.php p책 rad 45

2019-01-22T12:10:44+00:00 CRITICAL Object of class WP_Post could not be converted to string i /app/public/wp-content/themes/sceleton/functions.php p책 rad 323

